<?xml version="1.0" encoding="UTF-8"?>
<testsuite xmlns:xsi="http://www.w3.org/2001/XMLSchema-instance" xsi:noNamespaceSchemaLocation="https://maven.apache.org/surefire/maven-surefire-plugin/xsd/surefire-test-report.xsd" name="com.adventofcode.day02.AppTest" time="0.107" tests="5" errors="0" skipped="0" failures="0">
  <properties>
[...]
</properties>
  <testcase name="part1SecondTest" classname="com.adventofcode.day02.AppTest" time="0.015"/>
  <testcase name="part1FifthTest" classname="com.adventofcode.day02.AppTest" time="0"/>
  <testcase name="part1FourthTest" classname="com.adventofcode.day02.AppTest" time="0.001"/>
  <testcase name="part1ThirdTest" classname="com.adventofcode.day02.AppTest" time="0"/>
  <testcase name="part1FirstTest" classname="com.adventofcode.day02.AppTest" time="0"/>
</testsuite>